[0.012s] Invoking command in '/home/srl/lbr-stack/build/test_package': CMAKE_PREFIX_PATH=${CMAKE_PREFIX_PATH}:/home/srl/lbr-stack/install/lbr_demos_py:/home/srl/lbr-stack/install/lbr_moveit:/home/srl/lbr-stack/install/lbr_demos_advanced_py:/opt/ros/humble /usr/bin/cmake /home/srl/lbr-stack/src/test_package -DCMAKE_INSTALL_PREFIX=/home/srl/lbr-stack/install/test_package
[0.025s] -- Found ament_cmake: 1.3.11 (/opt/ros/humble/share/ament_cmake/cmake)
[0.132s] -- Override CMake install command with custom implementation using symlinks instead of copying resources
[0.137s] -- Found rclcpp: 16.0.12 (/opt/ros/humble/share/rclcpp/cmake)
[0.160s] -- Found rosidl_generator_c: 3.1.6 (/opt/ros/humble/share/rosidl_generator_c/cmake)
[0.163s] -- Found rosidl_adapter: 3.1.6 (/opt/ros/humble/share/rosidl_adapter/cmake)
[0.169s] -- Found rosidl_generator_cpp: 3.1.6 (/opt/ros/humble/share/rosidl_generator_cpp/cmake)
[0.176s] -- Using all available rosidl_typesupport_c: rosidl_typesupport_fastrtps_c;rosidl_typesupport_introspection_c
[0.186s] -- Using all available rosidl_typesupport_cpp: rosidl_typesupport_fastrtps_cpp;rosidl_typesupport_introspection_cpp
[0.209s] -- Found rmw_implementation_cmake: 6.1.2 (/opt/ros/humble/share/rmw_implementation_cmake/cmake)
[0.211s] -- Found rmw_fastrtps_cpp: 6.2.7 (/opt/ros/humble/share/rmw_fastrtps_cpp/cmake)
[0.297s] -- Using RMW implementation 'rmw_fastrtps_cpp' as default
[0.326s] -- Found sensor_msgs: 4.8.0 (/opt/ros/humble/share/sensor_msgs/cmake)
[0.352s] -- Looking for ignition-gazebo6 -- found version 6.17.0
[0.357s] -- Searching for dependencies of ignition-gazebo6
[0.358s] -- Looking for sdformat12 -- found version 12.8.0
[0.359s] -- Searching for dependencies of sdformat12
[0.365s] -- Checking for module 'tinyxml2'
[0.380s] --   Found tinyxml2, version 9.0.0
[0.418s] -- Looking for ignition-math6 -- found version 6.15.1
[0.418s] -- Searching for dependencies of ignition-math6
[0.421s] -- Looking for ignition-utils1 -- found version 1.5.1
[0.421s] -- Searching for dependencies of ignition-utils1
[0.423s] -- Looking for ignition-plugin1 -- found version 1.4.0
[0.423s] -- Searching for dependencies of ignition-plugin1
[0.423s] -- Searching for <ignition-plugin1> component [loader]
[0.424s] -- Looking for ignition-plugin1-loader -- found version 1.4.0
[0.424s] -- Searching for dependencies of ignition-plugin1-loader
[0.425s] -- Searching for <ignition-plugin1> component [register]
[0.426s] -- Looking for ignition-plugin1-register -- found version 1.4.0
[0.426s] -- Searching for dependencies of ignition-plugin1-register
[0.427s] -- Looking for ignition-transport11 -- found version 11.4.1
[0.427s] -- Searching for dependencies of ignition-transport11
[0.453s] -- Config-file not installed for ZeroMQ -- checking for pkg-config
[0.457s] -- Checking for module 'libzmq >= 4'
[0.474s] --   Found libzmq , version 4.3.4
[0.535s] -- Checking for module 'uuid'
[0.557s] --   Found uuid, version 2.37.2
[0.602s] -- Looking for ignition-utils1 -- found version 1.5.1
[0.602s] -- Searching for dependencies of ignition-utils1
[0.602s] -- Searching for <ignition-utils1> component [cli]
[0.609s] -- Looking for ignition-utils1-cli -- found version 1.5.1
[0.609s] -- Searching for dependencies of ignition-utils1-cli
[0.611s] -- Looking for ignition-msgs8 -- found version 8.7.0
[0.612s] -- Searching for dependencies of ignition-msgs8
[0.632s] -- Found Protobuf: /usr/lib/x86_64-linux-gnu/libprotobuf.so (found suitable version "3.12.4", minimum required is "3") 
[0.633s] -- Looking for ignition-math6 -- found version 6.15.1
[0.643s] -- Searching for <ignition-transport11> component [log]
[0.645s] -- Looking for ignition-transport11-log -- found version 11.4.1
[0.646s] -- Searching for dependencies of ignition-transport11-log
[0.646s] -- Searching for <ignition-transport11> component [parameters]
[0.648s] -- Looking for ignition-transport11-parameters -- found version 11.4.1
[0.649s] -- Searching for dependencies of ignition-transport11-parameters
[0.651s] -- Looking for ignition-msgs8 -- found version 8.7.0
[0.652s] -- Looking for ignition-common4 -- found version 4.7.0
[0.652s] -- Searching for dependencies of ignition-common4
[0.652s] -- Looking for dlfcn.h - found
[0.653s] -- Looking for libdl - found
[0.661s] -- Searching for <ignition-common4> component [profiler]
[0.662s] -- Looking for ignition-common4-profiler -- found version 4.7.0
[0.662s] -- Searching for dependencies of ignition-common4-profiler
[0.663s] -- Searching for <ignition-common4> component [events]
[0.664s] -- Looking for ignition-common4-events -- found version 4.7.0
[0.664s] -- Searching for dependencies of ignition-common4-events
[0.665s] -- Looking for ignition-math6 -- found version 6.15.1
[0.665s] -- Searching for <ignition-common4> component [av]
[0.666s] -- Looking for ignition-common4-av -- found version 4.7.0
[0.666s] -- Searching for dependencies of ignition-common4-av
[0.672s] -- Checking for module 'libswscale'
[0.687s] --   Found libswscale, version 5.9.100
[0.742s] -- Checking for module 'libavdevice >= 56.4.100'
[0.765s] --   Found libavdevice , version 58.13.100
[0.826s] -- Checking for module 'libavformat'
[0.840s] --   Found libavformat, version 58.76.100
[0.882s] -- Checking for module 'libavcodec'
[0.900s] --   Found libavcodec, version 58.134.100
[0.952s] -- Checking for module 'libavutil'
[0.968s] --   Found libavutil, version 56.70.100
[1.015s] -- Looking for ignition-fuel_tools7 -- found version 7.3.1
[1.016s] -- Searching for dependencies of ignition-fuel_tools7
[1.055s] -- Checking for module 'jsoncpp'
[1.070s] --   Found jsoncpp, version 1.9.5
[1.123s] -- Checking for module 'libzip'
[1.139s] --   Found libzip, version 1.7.3
[1.183s] -- Looking for ignition-common4 -- found version 4.7.0
[1.184s] -- Looking for ignition-math6 -- found version 6.15.1
[1.184s] -- Looking for ignition-msgs8 -- found version 8.7.0
[1.191s] -- Looking for ignition-gui6 -- found version 6.8.0
[1.191s] -- Searching for dependencies of ignition-gui6
[1.212s] -- Looking for ignition-math6 -- found version 6.15.1
[1.212s] -- Looking for ignition-common4 -- found version 4.7.0
[1.213s] -- Looking for ignition-plugin1 -- found version 1.4.0
[1.214s] -- Looking for ignition-transport11 -- found version 11.4.1
[1.215s] -- Looking for ignition-rendering6 -- found version 6.6.3
[1.216s] -- Searching for dependencies of ignition-rendering6
[1.216s] -- Looking for ignition-math6 -- found version 6.15.1
[1.216s] -- Searching for dependencies of ignition-math6
[1.217s] -- Searching for <ignition-math6> component [eigen3]
[1.217s] -- Looking for ignition-math6-eigen3 -- found version 6.15.1
[1.218s] -- Searching for dependencies of ignition-math6-eigen3
[1.220s] -- Looking for ignition-common4 -- found version 4.7.0
[1.220s] -- Searching for dependencies of ignition-common4
[1.220s] -- Looking for dlfcn.h - found
[1.220s] -- Looking for libdl - found
[1.229s] -- Searching for <ignition-common4> component [graphics]
[1.230s] -- Looking for ignition-common4-graphics -- found version 4.7.0
[1.231s] -- Searching for dependencies of ignition-common4-graphics
[1.231s] -- Looking for ignition-math6 -- found version 6.15.1
[1.231s] -- Looking for ignition-utils1 -- found version 1.5.1
[1.232s] -- Searching for <ignition-common4> component [events]
[1.233s] -- Looking for ignition-plugin1 -- found version 1.4.0
[1.233s] -- Searching for dependencies of ignition-plugin1
[1.233s] -- Searching for <ignition-plugin1> component [all]
[1.234s] -- Looking for all libraries of ignition-plugin1 -- found version 1.4.0
[1.235s] -- Looking for ignition-plugin1 -- found version 1.4.0
[1.237s] -- Looking for ignition-msgs8 -- found version 8.7.0
[1.255s] -- Looking for ignition-physics5 -- found version 5.3.2
[1.255s] -- Searching for dependencies of ignition-physics5
[1.255s] -- Looking for ignition-math6 -- found version 6.15.1
[1.255s] -- Looking for ignition-plugin1 -- found version 1.4.0
[1.255s] -- Looking for ignition-utils1 -- found version 1.5.1
[1.256s] -- Searching for <ignition-physics5> component [heightmap]
[1.257s] -- Looking for ignition-physics5-heightmap -- found version 5.3.2
[1.257s] -- Searching for dependencies of ignition-physics5-heightmap
[1.257s] -- Looking for ignition-common4 -- found version 4.7.0
[1.258s] -- Searching for <ignition-physics5> component [mesh]
[1.258s] -- Looking for ignition-physics5-mesh -- found version 5.3.2
[1.258s] -- Searching for dependencies of ignition-physics5-mesh
[1.259s] -- Looking for ignition-common4 -- found version 4.7.0
[1.259s] -- Searching for <ignition-physics5> component [sdf]
[1.260s] -- Looking for ignition-physics5-sdf -- found version 5.3.2
[1.260s] -- Searching for dependencies of ignition-physics5-sdf
[1.261s] -- Looking for sdformat12 -- found version 12.8.0
[1.261s] -- Looking for ignition-sensors6 -- found version 6.8.1
[1.262s] -- Searching for dependencies of ignition-sensors6
[1.276s] -- Found Protobuf: /usr/lib/x86_64-linux-gnu/libprotobuf.so (found version "3.12.4") 
[1.276s] -- Looking for ignition-math6 -- found version 6.15.1
[1.277s] -- Looking for ignition-common4 -- found version 4.7.0
[1.277s] -- Looking for ignition-transport11 -- found version 11.4.1
[1.278s] -- Looking for ignition-rendering6 -- found version 6.6.3
[1.278s] -- Looking for ignition-msgs8 -- found version 8.7.0
[1.279s] -- Looking for sdformat12 -- found version 12.8.0
[1.280s] -- Searching for <ignition-sensors6> component [air_pressure]
[1.281s] -- Looking for ignition-sensors6-air_pressure -- found version 6.8.1
[1.282s] -- Searching for dependencies of ignition-sensors6-air_pressure
[1.283s] -- Searching for <ignition-sensors6> component [altimeter]
[1.283s] -- Looking for ignition-sensors6-altimeter -- found version 6.8.1
[1.284s] -- Searching for dependencies of ignition-sensors6-altimeter
[1.284s] -- Searching for <ignition-sensors6> component [imu]
[1.285s] -- Looking for ignition-sensors6-imu -- found version 6.8.1
[1.285s] -- Searching for dependencies of ignition-sensors6-imu
[1.286s] -- Searching for <ignition-sensors6> component [force_torque]
[1.286s] -- Looking for ignition-sensors6-force_torque -- found version 6.8.1
[1.286s] -- Searching for dependencies of ignition-sensors6-force_torque
[1.287s] -- Searching for <ignition-sensors6> component [logical_camera]
[1.288s] -- Looking for ignition-sensors6-logical_camera -- found version 6.8.1
[1.288s] -- Searching for dependencies of ignition-sensors6-logical_camera
[1.289s] -- Searching for <ignition-sensors6> component [magnetometer]
[1.289s] -- Looking for ignition-sensors6-magnetometer -- found version 6.8.1
[1.289s] -- Searching for dependencies of ignition-sensors6-magnetometer
[1.290s] -- Searching for <ignition-sensors6> component [navsat]
[1.290s] -- Looking for ignition-sensors6-navsat -- found version 6.8.1
[1.290s] -- Searching for dependencies of ignition-sensors6-navsat
[1.291s] -- Searching for <ignition-sensors6> component [rendering]
[1.292s] -- Looking for ignition-sensors6-rendering -- found version 6.8.1
[1.292s] -- Searching for dependencies of ignition-sensors6-rendering
[1.292s] -- Searching for <ignition-sensors6> component [lidar]
[1.293s] -- Looking for ignition-sensors6-lidar -- found version 6.8.1
[1.293s] -- Searching for dependencies of ignition-sensors6-lidar
[1.294s] -- Looking for ignition-sensors6 -- found version 6.8.1
[1.295s] -- Searching for <ignition-sensors6> component [gpu_lidar]
[1.295s] -- Looking for ignition-sensors6-gpu_lidar -- found version 6.8.1
[1.295s] -- Searching for dependencies of ignition-sensors6-gpu_lidar
[1.296s] -- Looking for ignition-sensors6 -- found version 6.8.1
[1.296s] -- Searching for <ignition-sensors6> component [camera]
[1.297s] -- Looking for ignition-sensors6-camera -- found version 6.8.1
[1.298s] -- Searching for dependencies of ignition-sensors6-camera
[1.298s] -- Looking for ignition-sensors6 -- found version 6.8.1
[1.299s] -- Searching for <ignition-sensors6> component [boundingbox_camera]
[1.299s] -- Looking for ignition-sensors6-boundingbox_camera -- found version 6.8.1
[1.300s] -- Searching for dependencies of ignition-sensors6-boundingbox_camera
[1.300s] -- Searching for <ignition-sensors6> component [segmentation_camera]
[1.301s] -- Looking for ignition-sensors6-segmentation_camera -- found version 6.8.1
[1.301s] -- Searching for dependencies of ignition-sensors6-segmentation_camera
[1.302s] -- Searching for <ignition-sensors6> component [depth_camera]
[1.303s] -- Looking for ignition-sensors6-depth_camera -- found version 6.8.1
[1.303s] -- Searching for dependencies of ignition-sensors6-depth_camera
[1.303s] -- Looking for ignition-sensors6 -- found version 6.8.1
[1.304s] -- Searching for <ignition-sensors6> component [rgbd_camera]
[1.304s] -- Looking for ignition-sensors6-rgbd_camera -- found version 6.8.1
[1.305s] -- Searching for dependencies of ignition-sensors6-rgbd_camera
[1.305s] -- Looking for ignition-sensors6 -- found version 6.8.1
[1.306s] -- Searching for <ignition-sensors6> component [thermal_camera]
[1.306s] -- Looking for ignition-sensors6-thermal_camera -- found version 6.8.1
[1.307s] -- Searching for dependencies of ignition-sensors6-thermal_camera
[1.307s] -- Looking for ignition-sensors6 -- found version 6.8.1
[1.308s] -- Looking for ignition-rendering6 -- found version 6.6.3
[1.308s] -- Looking for ignition-math6 -- found version 6.15.1
[1.309s] -- Looking for ignition-utils1 -- found version 1.5.1
[1.326s] -- Looking for ignition-plugin1 -- found version 1.4.0
[1.328s] -- Found ament_lint_auto: 0.12.12 (/opt/ros/humble/share/ament_lint_auto/cmake)
[1.384s] -- Added test 'cppcheck' to perform static code analysis on C / C++ code
[1.384s] -- Configured cppcheck include dirs: $<BUILD_INTERFACE:/home/srl/lbr-stack/src/test_package/include>
[1.384s] -- Configured cppcheck exclude dirs and/or files: 
[1.385s] -- Added test 'lint_cmake' to check CMake code style
[1.387s] -- Added test 'uncrustify' to check C / C++ code style
[1.387s] -- Configured uncrustify additional arguments: 
[1.387s] -- Added test 'xmllint' to check XML markup files
[1.388s] -- Configuring done
[1.404s] -- Generating done
[1.407s] -- Build files have been written to: /home/srl/lbr-stack/build/test_package
[1.416s] Invoked command in '/home/srl/lbr-stack/build/test_package' returned '0': CMAKE_PREFIX_PATH=${CMAKE_PREFIX_PATH}:/home/srl/lbr-stack/install/lbr_demos_py:/home/srl/lbr-stack/install/lbr_moveit:/home/srl/lbr-stack/install/lbr_demos_advanced_py:/opt/ros/humble /usr/bin/cmake /home/srl/lbr-stack/src/test_package -DCMAKE_INSTALL_PREFIX=/home/srl/lbr-stack/install/test_package
[1.419s] Invoking command in '/home/srl/lbr-stack/build/test_package': CMAKE_PREFIX_PATH=${CMAKE_PREFIX_PATH}:/home/srl/lbr-stack/install/lbr_demos_py:/home/srl/lbr-stack/install/lbr_moveit:/home/srl/lbr-stack/install/lbr_demos_advanced_py:/opt/ros/humble /usr/bin/cmake --build /home/srl/lbr-stack/build/test_package -- -j20 -l20
[1.459s] [35m[1mConsolidate compiler generated dependencies of target my_box_ign_plugin[0m
[1.459s] [35m[1mConsolidate compiler generated dependencies of target robot_movement_plugin[0m
[1.479s] [ 50%] Built target my_box_ign_plugin
[1.482s] [ 75%] [32mBuilding CXX object CMakeFiles/robot_movement_plugin.dir/src/robot_movement_plugin.cpp.o[0m
[4.947s] In file included from [01m[K/usr/include/ignition/plugin1/gz/plugin/Register.hh:22[m[K,
[4.948s]                  from [01m[K/usr/include/ignition/plugin1/ignition/plugin/Register.hh:18[m[K,
[4.948s]                  from [01m[K/home/srl/lbr-stack/src/test_package/src/robot_movement_plugin.cpp:5[m[K:
[4.948s] [01m[K/home/srl/lbr-stack/src/test_package/src/robot_movement_plugin.cpp:[m[K In constructor â€˜[01m[Kignition::plugin::{anonymous}::ExecuteWhenLoadingLibrary0::ExecuteWhenLoadingLibrary0()[m[Kâ€™:
[4.948s] [01m[K/home/srl/lbr-stack/src/test_package/src/robot_movement_plugin.cpp:109:15:[m[K [01;31m[Kerror: [m[Kâ€˜[01m[KRealRobotSyncPlugin[m[Kâ€™ is not a member of â€˜[01m[Kmy_plugins[m[Kâ€™
[4.948s]   109 |   my_plugins::[01;31m[KRealRobotSyncPlugin[m[K,
[4.948s]       |               [01;31m[K^~~~~~~~~~~~~~~~~~~[m[K
[4.948s] [01m[K/home/srl/lbr-stack/src/test_package/src/robot_movement_plugin.cpp:108:1:[m[K [01;31m[Kerror: [m[Ktemplate argument 1 is invalid
[4.948s]   108 | [01;31m[KIGNITION_ADD_PLUGIN[m[K(
[4.948s]       | [01;31m[K^~~~~~~~~~~~~~~~~~~[m[K
[4.948s] [01m[K/home/srl/lbr-stack/src/test_package/src/robot_movement_plugin.cpp:[m[K In constructor â€˜[01m[Kignition::plugin::{anonymous}::ExecuteWhenLoadingLibrary1::ExecuteWhenLoadingLibrary1()[m[Kâ€™:
[4.948s] [01m[K/home/srl/lbr-stack/src/test_package/src/robot_movement_plugin.cpp:114:39:[m[K [01;31m[Kerror: [m[Kâ€˜[01m[KRealRobotSyncPlugin[m[Kâ€™ is not a member of â€˜[01m[Kmy_plugins[m[Kâ€™
[4.948s]   114 | IGNITION_ADD_PLUGIN_ALIAS(my_plugins::[01;31m[KRealRobotSyncPlugin[m[K, "my_plugins::RealRobotSyncPlugin")
[4.948s]       |                                       [01;31m[K^~~~~~~~~~~~~~~~~~~[m[K
[4.948s] [01m[K/home/srl/lbr-stack/src/test_package/src/robot_movement_plugin.cpp:114:1:[m[K [01;31m[Kerror: [m[Ktemplate argument 1 is invalid
[4.948s]   114 | [01;31m[KIGNITION_ADD_PLUGIN_ALIAS[m[K(my_plugins::RealRobotSyncPlugin, "my_plugins::RealRobotSyncPlugin")
[4.948s]       | [01;31m[K^~~~~~~~~~~~~~~~~~~~~~~~~[m[K
[4.948s] [01m[K/home/srl/lbr-stack/src/test_package/src/robot_movement_plugin.cpp:114:60:[m[K [01;31m[Kerror: [m[Kinvalid conversion from â€˜[01m[Kconst char*[m[Kâ€™ to â€˜[01m[Kint[m[Kâ€™ [[01;31m[K]8;;https://gcc.gnu.org/onlinedocs/gcc/Warning-Options.html#index-fpermissive-fpermissive]8;;[m[K]
[4.948s]   114 | IGNITION_ADD_PLUGIN_ALIAS(my_plugins::RealRobotSyncPlugin, [01;31m[K"my_plugins::RealRobotSyncPlugin"[m[K)
[4.948s]       |                                                            [01;31m[K^~~~~~~~~~~~~~~~~~~~~~~~~~~~~~~~~[m[K
[4.948s]       |                                                            [01;31m[K|[m[K
[4.948s]       |                                                            [01;31m[Kconst char*[m[K
[6.738s] gmake[2]: *** [CMakeFiles/robot_movement_plugin.dir/build.make:76: CMakeFiles/robot_movement_plugin.dir/src/robot_movement_plugin.cpp.o] Error 1
[6.738s] gmake[1]: *** [CMakeFiles/Makefile2:165: CMakeFiles/robot_movement_plugin.dir/all] Error 2
[6.738s] gmake: *** [Makefile:146: all] Error 2
[6.740s] Invoked command in '/home/srl/lbr-stack/build/test_package' returned '2': CMAKE_PREFIX_PATH=${CMAKE_PREFIX_PATH}:/home/srl/lbr-stack/install/lbr_demos_py:/home/srl/lbr-stack/install/lbr_moveit:/home/srl/lbr-stack/install/lbr_demos_advanced_py:/opt/ros/humble /usr/bin/cmake --build /home/srl/lbr-stack/build/test_package -- -j20 -l20
