[35m[1mConsolidate compiler generated dependencies of target robot_movement_plugin[0m
[ 50%] Built target my_box_ign_plugin
[ 75%] [32mBuilding CXX object CMakeFiles/robot_movement_plugin.dir/src/robot_movement_plugin.cpp.o[0m
[01m[K/home/srl/lbr-stack/src/test_package/src/robot_movement_plugin.cpp:[m[K In member function â€˜[01m[Kvirtual void my_plugins::RobotMovementPlugin::Configure(const Entity&, const std::shared_ptr<const sdf::v12::Element>&, ignition::gazebo::v6::EntityComponentManager&, ignition::gazebo::v6::EventManager&)[m[Kâ€™:
[01m[K/home/srl/lbr-stack/src/test_package/src/robot_movement_plugin.cpp:48:8:[m[K [01;31m[Kerror: [m[Kexpected primary-expression before â€˜[01m[K)[m[Kâ€™ token
   48 |       }[01;31m[K)[m[K;
      |        [01;31m[K^[m[K
gmake[2]: *** [CMakeFiles/robot_movement_plugin.dir/build.make:76: CMakeFiles/robot_movement_plugin.dir/src/robot_movement_plugin.cpp.o] Error 1
gmake[1]: *** [CMakeFiles/Makefile2:165: CMakeFiles/robot_movement_plugin.dir/all] Error 2
gmake: *** [Makefile:146: all] Error 2
