[0.016s] Invoking command in '/home/srl/lbr-stack/build/test_package': CMAKE_PREFIX_PATH=${CMAKE_PREFIX_PATH}:/home/srl/lbr-stack/install/lbr_demos_py:/home/srl/lbr-stack/install/lbr_moveit:/home/srl/lbr-stack/install/lbr_demos_advanced_py:/opt/ros/humble /usr/bin/cmake --build /home/srl/lbr-stack/build/test_package -- -j20 -l20
[0.064s] [35m[1mConsolidate compiler generated dependencies of target robot_movement_plugin[0m
[0.081s] [ 50%] Built target my_box_ign_plugin
[0.085s] [ 75%] [32mBuilding CXX object CMakeFiles/robot_movement_plugin.dir/src/robot_movement_plugin.cpp.o[0m
[4.225s] [01m[K/home/srl/lbr-stack/src/test_package/src/robot_movement_plugin.cpp:[m[K In member function â€˜[01m[Kvirtual void my_plugins::RobotMovementPlugin::Configure(const Entity&, const std::shared_ptr<const sdf::v12::Element>&, ignition::gazebo::v6::EntityComponentManager&, ignition::gazebo::v6::EventManager&)[m[Kâ€™:
[4.225s] [01m[K/home/srl/lbr-stack/src/test_package/src/robot_movement_plugin.cpp:48:8:[m[K [01;31m[Kerror: [m[Kexpected primary-expression before â€˜[01m[K)[m[Kâ€™ token
[4.225s]    48 |       }[01;31m[K)[m[K;
[4.225s]       |        [01;31m[K^[m[K
[5.739s] gmake[2]: *** [CMakeFiles/robot_movement_plugin.dir/build.make:76: CMakeFiles/robot_movement_plugin.dir/src/robot_movement_plugin.cpp.o] Error 1
[5.739s] gmake[1]: *** [CMakeFiles/Makefile2:165: CMakeFiles/robot_movement_plugin.dir/all] Error 2
[5.739s] gmake: *** [Makefile:146: all] Error 2
[5.741s] Invoked command in '/home/srl/lbr-stack/build/test_package' returned '2': CMAKE_PREFIX_PATH=${CMAKE_PREFIX_PATH}:/home/srl/lbr-stack/install/lbr_demos_py:/home/srl/lbr-stack/install/lbr_moveit:/home/srl/lbr-stack/install/lbr_demos_advanced_py:/opt/ros/humble /usr/bin/cmake --build /home/srl/lbr-stack/build/test_package -- -j20 -l20
