[0.270s] Invoking command in '/home/srl/lbr-stack/build/test_package': CMAKE_PREFIX_PATH=${CMAKE_PREFIX_PATH}:/home/srl/lbr-stack/install/lbr_demos_py:/home/srl/lbr-stack/install/lbr_moveit:/home/srl/lbr-stack/install/lbr_demos_advanced_py:/opt/ros/humble /usr/bin/cmake --build /home/srl/lbr-stack/build/test_package -- -j20 -l20
[0.325s] [35m[1mConsolidate compiler generated dependencies of target robot_movement_plugin[0m
[0.339s] [ 50%] Built target my_box_ign_plugin
[0.355s] [ 75%] [32mBuilding CXX object CMakeFiles/robot_movement_plugin.dir/src/robot_movement_plugin.cpp.o[0m
[5.389s] [01m[K/home/srl/lbr-stack/src/test_package/src/robot_movement_plugin.cpp:[m[K In member function â€˜[01m[Kvirtual void my_plugins::RealRobotEffortPlugin::PreUpdate(const ignition::gazebo::v6::UpdateInfo&, ignition::gazebo::v6::EntityComponentManager&)[m[Kâ€™:
[5.389s] [01m[K/home/srl/lbr-stack/src/test_package/src/robot_movement_plugin.cpp:73:26:[m[K [01;31m[Kerror: [m[Kâ€˜[01m[KJointPositionCommandFeature[m[Kâ€™ is not a member of â€˜[01m[Kignition::physics[m[Kâ€™; did you mean â€˜[01m[KSetJointPositionLimitsFeature[m[Kâ€™?
[5.389s]    73 |       ignition::physics::[01;31m[KJointPositionCommandFeature[m[K>::From(ecm);
[5.389s]       |                          [01;31m[K^~~~~~~~~~~~~~~~~~~~~~~~~~~[m[K
[5.389s]       |                          [32m[KSetJointPositionLimitsFeature[m[K
[5.389s] [01m[K/home/srl/lbr-stack/src/test_package/src/robot_movement_plugin.cpp:73:53:[m[K [01;31m[Kerror: [m[Ktemplate argument 1 is invalid
[5.389s]    73 |       ignition::physics::JointPositionCommandFeature[01;31m[K>[m[K::From(ecm);
[5.390s]       |                                                     [01;31m[K^[m[K
[5.390s] [01m[K/home/srl/lbr-stack/src/test_package/src/robot_movement_plugin.cpp:90:68:[m[K [01;31m[Kerror: [m[Kmissing template arguments before â€˜[01m[K>[m[Kâ€™ token
[5.390s]    90 |       auto joint = physicsEngine->CastTo<ignition::physics::Joint3d[01;31m[K>[m[K(physicsEngine->GetJoint(jointEntity));
[5.390s]       |                                                                    [01;31m[K^[m[K
[7.652s] gmake[2]: *** [CMakeFiles/robot_movement_plugin.dir/build.make:76: CMakeFiles/robot_movement_plugin.dir/src/robot_movement_plugin.cpp.o] Error 1
[7.652s] gmake[1]: *** [CMakeFiles/Makefile2:165: CMakeFiles/robot_movement_plugin.dir/all] Error 2
[7.652s] gmake: *** [Makefile:146: all] Error 2
[7.654s] Invoked command in '/home/srl/lbr-stack/build/test_package' returned '2': CMAKE_PREFIX_PATH=${CMAKE_PREFIX_PATH}:/home/srl/lbr-stack/install/lbr_demos_py:/home/srl/lbr-stack/install/lbr_moveit:/home/srl/lbr-stack/install/lbr_demos_advanced_py:/opt/ros/humble /usr/bin/cmake --build /home/srl/lbr-stack/build/test_package -- -j20 -l20
