[0.150s] Invoking command in '/home/srl/lbr-stack/build/my_package': CMAKE_PREFIX_PATH=${CMAKE_PREFIX_PATH}:/home/srl/lbr-stack/install/lbr_demos_py:/home/srl/lbr-stack/install/lbr_moveit:/home/srl/lbr-stack/install/lbr_demos_advanced_py:/opt/ros/humble /usr/bin/cmake --build /home/srl/lbr-stack/build/my_package -- -j20 -l20
[0.176s] -- Found ament_cmake: 1.3.11 (/opt/ros/humble/share/ament_cmake/cmake)
[0.269s] -- Override CMake install command with custom implementation using symlinks instead of copying resources
[0.283s] -- Found std_msgs: 4.8.0 (/opt/ros/humble/share/std_msgs/cmake)
[0.306s] -- Found rosidl_generator_c: 3.1.6 (/opt/ros/humble/share/rosidl_generator_c/cmake)
[0.308s] -- Found rosidl_adapter: 3.1.6 (/opt/ros/humble/share/rosidl_adapter/cmake)
[0.313s] -- Found rosidl_generator_cpp: 3.1.6 (/opt/ros/humble/share/rosidl_generator_cpp/cmake)
[0.322s] -- Using all available rosidl_typesupport_c: rosidl_typesupport_fastrtps_c;rosidl_typesupport_introspection_c
[0.331s] -- Using all available rosidl_typesupport_cpp: rosidl_typesupport_fastrtps_cpp;rosidl_typesupport_introspection_cpp
[0.354s] -- Found sensor_msgs: 4.8.0 (/opt/ros/humble/share/sensor_msgs/cmake)
[0.375s] -- Found rclcpp: 16.0.12 (/opt/ros/humble/share/rclcpp/cmake)
[0.396s] -- Found rmw_implementation_cmake: 6.1.2 (/opt/ros/humble/share/rmw_implementation_cmake/cmake)
[0.398s] -- Found rmw_fastrtps_cpp: 6.2.7 (/opt/ros/humble/share/rmw_fastrtps_cpp/cmake)
[0.480s] -- Using RMW implementation 'rmw_fastrtps_cpp' as default
[0.509s] -- Found control_msgs: 4.8.0 (/opt/ros/humble/share/control_msgs/cmake)
[0.556s] -- Found rclpy: 3.3.16 (/opt/ros/humble/share/rclpy/cmake)
[0.556s] -- Found ament_lint_auto: 0.12.12 (/opt/ros/humble/share/ament_lint_auto/cmake)
[0.625s] -- Added test 'cppcheck' to perform static code analysis on C / C++ code
[0.625s] -- Configured cppcheck include dirs: 
[0.625s] -- Configured cppcheck exclude dirs and/or files: 
[0.625s] -- Added test 'flake8' to check Python code syntax and style conventions
[0.627s] -- Added test 'lint_cmake' to check CMake code style
[0.627s] -- Added test 'pep257' to check Python code against some of the docstring style conventions in PEP 257
[0.632s] -- Added test 'uncrustify' to check C / C++ code style
[0.632s] -- Configured uncrustify additional arguments: 
[0.633s] -- Added test 'xmllint' to check XML markup files
[0.634s] -- Configuring done
[0.654s] -- Generating done
[0.662s] -- Build files have been written to: /home/srl/lbr-stack/build/my_package
[0.682s] [35m[1mConsolidate compiler generated dependencies of target robot_info_controller[0m
[0.683s] [35m[1mConsolidate compiler generated dependencies of target command_listener[0m
[0.683s] [35m[1mConsolidate compiler generated dependencies of target command_publisher3[0m
[0.684s] [35m[1mConsolidate compiler generated dependencies of target reset_position[0m
[0.684s] [35m[1mConsolidate compiler generated dependencies of target command_publisher2[0m
[0.685s] [35m[1mConsolidate compiler generated dependencies of target robot_info[0m
[0.687s] [  7%] [32mBuilding CXX object CMakeFiles/get_position.dir/src/get_position.cpp.o[0m
[0.692s] [ 21%] Built target robot_info_controller
[0.692s] [ 35%] Built target command_listener
[0.693s] [ 50%] Built target command_publisher3
[0.696s] [ 64%] Built target robot_info
[0.696s] [ 78%] Built target command_publisher2
[0.698s] [ 92%] Built target reset_position
[0.798s] [01m[K/home/srl/lbr-stack/src/my_package/src/get_position.cpp:2:10:[m[K [01;31m[Kfatal error: [m[Kmoveit/planning_interface/planning_interface.h: No such file or directory
[0.798s]     2 | #include [01;31m[K<moveit/planning_interface/planning_interface.h>[m[K
[0.798s]       |          [01;31m[K^~~~~~~~~~~~~~~~~~~~~~~~~~~~~~~~~~~~~~~~~~~~~~~~[m[K
[0.798s] compilation terminated.
[0.800s] gmake[2]: *** [CMakeFiles/get_position.dir/build.make:76: CMakeFiles/get_position.dir/src/get_position.cpp.o] Error 1
[0.800s] gmake[1]: *** [CMakeFiles/Makefile2:305: CMakeFiles/get_position.dir/all] Error 2
[0.801s] gmake: *** [Makefile:146: all] Error 2
[0.815s] Invoked command in '/home/srl/lbr-stack/build/my_package' returned '2': CMAKE_PREFIX_PATH=${CMAKE_PREFIX_PATH}:/home/srl/lbr-stack/install/lbr_demos_py:/home/srl/lbr-stack/install/lbr_moveit:/home/srl/lbr-stack/install/lbr_demos_advanced_py:/opt/ros/humble /usr/bin/cmake --build /home/srl/lbr-stack/build/my_package -- -j20 -l20
