[0.184s] Invoking command in '/home/srl/lbr-stack/build/my_package': CMAKE_PREFIX_PATH=${CMAKE_PREFIX_PATH}:/opt/ros/humble:/home/srl/lbr-stack/install/lbr_demos_py:/home/srl/lbr-stack/install/lbr_moveit:/home/srl/lbr-stack/install/lbr_demos_advanced_py /usr/bin/cmake --build /home/srl/lbr-stack/build/my_package -- -j20 -l20
[0.231s] [35m[1mConsolidate compiler generated dependencies of target robot_info[0m
[0.238s] [ 20%] Built target command_listener
[0.238s] [ 40%] Built target command_publisher2
[0.238s] [ 60%] Built target command_publisher3
[0.246s] [ 70%] [32mBuilding CXX object CMakeFiles/robot_info.dir/src/robot_info.cpp.o[0m
[0.246s] [ 90%] Built target reset_position
[0.439s] [01m[K/home/srl/lbr-stack/src/my_package/src/robot_info.cpp:4:10:[m[K [01;31m[Kfatal error: [m[Kcontrol_msgs/msg/joint_trajectory_controller_state.hpp: No such file or directory
[0.439s]     4 | #include [01;31m[K"control_msgs/msg/joint_trajectory_controller_state.hpp"[m[K
[0.439s]       |          [01;31m[K^~~~~~~~~~~~~~~~~~~~~~~~~~~~~~~~~~~~~~~~~~~~~~~~~~~~~~~~[m[K
[0.439s] compilation terminated.
[0.441s] gmake[2]: *** [CMakeFiles/robot_info.dir/build.make:76: CMakeFiles/robot_info.dir/src/robot_info.cpp.o] Error 1
[0.441s] gmake[1]: *** [CMakeFiles/Makefile2:249: CMakeFiles/robot_info.dir/all] Error 2
[0.442s] gmake: *** [Makefile:146: all] Error 2
[0.445s] Invoked command in '/home/srl/lbr-stack/build/my_package' returned '2': CMAKE_PREFIX_PATH=${CMAKE_PREFIX_PATH}:/opt/ros/humble:/home/srl/lbr-stack/install/lbr_demos_py:/home/srl/lbr-stack/install/lbr_moveit:/home/srl/lbr-stack/install/lbr_demos_advanced_py /usr/bin/cmake --build /home/srl/lbr-stack/build/my_package -- -j20 -l20
