[0.306s] Invoking command in '/home/srl/lbr-stack/build/test_package': CMAKE_PREFIX_PATH=${CMAKE_PREFIX_PATH}:/home/srl/lbr-stack/install/lbr_demos_py:/home/srl/lbr-stack/install/lbr_moveit:/home/srl/lbr-stack/install/lbr_demos_advanced_py:/opt/ros/humble /usr/bin/cmake --build /home/srl/lbr-stack/build/test_package -- -j20 -l20
[0.371s] [35m[1mConsolidate compiler generated dependencies of target robot_movement_plugin[0m
[0.386s] [ 50%] Built target my_box_ign_plugin
[0.394s] [ 75%] [32mBuilding CXX object CMakeFiles/robot_movement_plugin.dir/src/robot_movement_plugin.cpp.o[0m
[5.196s] [01m[K/home/srl/lbr-stack/src/test_package/src/robot_movement_plugin.cpp:[m[K In member function â€˜[01m[Kvirtual void my_plugins::RealRobotSyncPlugin::PreUpdate(const ignition::gazebo::v6::UpdateInfo&, ignition::gazebo::v6::EntityComponentManager&)[m[Kâ€™:
[5.196s] [01m[K/home/srl/lbr-stack/src/test_package/src/robot_movement_plugin.cpp:68:5:[m[K [01;35m[Kwarning: [m[Kthis â€˜[01m[Kif[m[Kâ€™ clause does not guard... [[01;35m[K]8;;https://gcc.gnu.org/onlinedocs/gcc/Warning-Options.html#index-Wmisleading-indentation-Wmisleading-indentation]8;;[m[K]
[5.197s]    68 |     [01;35m[Kif[m[K (!this->lastJointState)
[5.197s]       |     [01;35m[K^~[m[K
[5.197s] [01m[K/home/srl/lbr-stack/src/test_package/src/robot_movement_plugin.cpp:71:7:[m[K [01;36m[Knote: [m[K...this statement, but the latter is misleadingly indented as if it were guarded by the â€˜[01m[Kif[m[Kâ€™
[5.197s]    71 |       [01;36m[K_ecm[m[K.Each<ignition::gazebo::components::Name,
[5.197s]       |       [01;36m[K^~~~[m[K
[5.201s] [01m[K/home/srl/lbr-stack/src/test_package/src/robot_movement_plugin.cpp:71:7:[m[K [01;31m[Kerror: [m[Kâ€˜[01m[K_ecm[m[Kâ€™ was not declared in this scope; did you mean â€˜[01m[Kecm[m[Kâ€™?
[5.201s]    71 |       [01;31m[K_ecm[m[K.Each<ignition::gazebo::components::Name,
[5.201s]       |       [01;31m[K^~~~[m[K
[5.201s]       |       [32m[Kecm[m[K
[5.201s] [01m[K/home/srl/lbr-stack/src/test_package/src/robot_movement_plugin.cpp:71:51:[m[K [01;31m[Kerror: [m[Kexpected primary-expression before â€˜[01m[K,[m[Kâ€™ token
[5.201s]    71 |       _ecm.Each<ignition::gazebo::components::Name[01;31m[K,[m[K
[5.201s]       |                                                   [01;31m[K^[m[K
[5.201s] [01m[K/home/srl/lbr-stack/src/test_package/src/robot_movement_plugin.cpp:72:46:[m[K [01;31m[Kerror: [m[Kexpected primary-expression before â€˜[01m[K>[m[Kâ€™ token
[5.201s]    72 |           ignition::gazebo::components::Joint[01;31m[K>[m[K(
[5.201s]       |                                              [01;31m[K^[m[K
[5.201s] [01m[K/home/srl/lbr-stack/src/test_package/src/robot_movement_plugin.cpp:[m[K In lambda function:
[5.201s] [01m[K/home/srl/lbr-stack/src/test_package/src/robot_movement_plugin.cpp:73:39:[m[K [01;35m[Kwarning: [m[Kunused parameter â€˜[01m[Kentity[m[Kâ€™ [[01;35m[K]8;;https://gcc.gnu.org/onlinedocs/gcc/Warning-Options.html#index-Wunused-parameter-Wunused-parameter]8;;[m[K]
[5.201s]    73 |   [&]([01;35m[Kconst ignition::gazebo::Entity &entity[m[K,
[5.201s]       |       [01;35m[K~~~~~~~~~~~~~~~~~~~~~~~~~~~~~~~~^~~~~~[m[K
[7.225s] gmake[2]: *** [CMakeFiles/robot_movement_plugin.dir/build.make:76: CMakeFiles/robot_movement_plugin.dir/src/robot_movement_plugin.cpp.o] Error 1
[7.225s] gmake[1]: *** [CMakeFiles/Makefile2:165: CMakeFiles/robot_movement_plugin.dir/all] Error 2
[7.225s] gmake: *** [Makefile:146: all] Error 2
[7.227s] Invoked command in '/home/srl/lbr-stack/build/test_package' returned '2': CMAKE_PREFIX_PATH=${CMAKE_PREFIX_PATH}:/home/srl/lbr-stack/install/lbr_demos_py:/home/srl/lbr-stack/install/lbr_moveit:/home/srl/lbr-stack/install/lbr_demos_advanced_py:/opt/ros/humble /usr/bin/cmake --build /home/srl/lbr-stack/build/test_package -- -j20 -l20
