[35m[1mConsolidate compiler generated dependencies of target my_box_ign_plugin[0m
[ 25%] [32mBuilding CXX object CMakeFiles/my_box_ign_plugin.dir/src/my_box_ign_plugin.cpp.o[0m
[ 75%] Built target robot_movement_plugin
[01m[K/home/srl/lbr-stack/src/test_package/src/my_box_ign_plugin.cpp:[m[K In member function â€˜[01m[Kvirtual void my_plugins::MyBoxIgnPlugin::PreUpdate(const ignition::gazebo::v6::UpdateInfo&, ignition::gazebo::v6::EntityComponentManager&)[m[Kâ€™:
[01m[K/home/srl/lbr-stack/src/test_package/src/my_box_ign_plugin.cpp:74:9:[m[K [01;31m[Kerror: [m[Kâ€˜[01m[K_info[m[Kâ€™ was not declared in this scope; did you mean â€˜[01m[Kinfo[m[Kâ€™?
   74 |     if ([01;31m[K_info[m[K.paused)
      |         [01;31m[K^~~~~[m[K
      |         [32m[Kinfo[m[K
[01m[K/home/srl/lbr-stack/src/test_package/src/my_box_ign_plugin.cpp:71:41:[m[K [01;35m[Kwarning: [m[Kunused parameter â€˜[01m[Kinfo[m[Kâ€™ [[01;35m[K]8;;https://gcc.gnu.org/onlinedocs/gcc/Warning-Options.html#index-Wunused-parameter-Wunused-parameter]8;;[m[K]
   71 |     [01;35m[Kconst ignition::gazebo::UpdateInfo &info[m[K,
      |     [01;35m[K~~~~~~~~~~~~~~~~~~~~~~~~~~~~~~~~~~~~^~~~[m[K
gmake[2]: *** [CMakeFiles/my_box_ign_plugin.dir/build.make:76: CMakeFiles/my_box_ign_plugin.dir/src/my_box_ign_plugin.cpp.o] Error 1
gmake[1]: *** [CMakeFiles/Makefile2:139: CMakeFiles/my_box_ign_plugin.dir/all] Error 2
gmake: *** [Makefile:146: all] Error 2
