[0.195s] Invoking command in '/home/srl/lbr-stack/build/test_package': CMAKE_PREFIX_PATH=${CMAKE_PREFIX_PATH}:/home/srl/lbr-stack/install/lbr_demos_py:/home/srl/lbr-stack/install/lbr_moveit:/home/srl/lbr-stack/install/lbr_demos_advanced_py:/opt/ros/humble /usr/bin/cmake --build /home/srl/lbr-stack/build/test_package -- -j20 -l20
[0.232s] [35m[1mConsolidate compiler generated dependencies of target robot_movement_plugin[0m
[0.240s] [ 50%] Built target my_box_ign_plugin
[0.246s] [ 75%] [32mBuilding CXX object CMakeFiles/robot_movement_plugin.dir/src/robot_movement_plugin.cpp.o[0m
[3.720s] [01m[K/home/srl/lbr-stack/src/test_package/src/robot_movement_plugin.cpp:[m[K In member function â€˜[01m[Kvirtual void my_plugins::RealRobotSyncPlugin::Configure(const Entity&, const std::shared_ptr<const sdf::v12::Element>&, ignition::gazebo::v6::EntityComponentManager&, ignition::gazebo::v6::EventManager&)[m[Kâ€™:
[3.720s] [01m[K/home/srl/lbr-stack/src/test_package/src/robot_movement_plugin.cpp:25:47:[m[K [01;35m[Kwarning: [m[Kunused parameter â€˜[01m[Kecm[m[Kâ€™ [[01;35m[K]8;;https://gcc.gnu.org/onlinedocs/gcc/Warning-Options.html#index-Wunused-parameter-Wunused-parameter]8;;[m[K]
[3.720s]    25 |     [01;35m[Kignition::gazebo::EntityComponentManager &ecm[m[K,
[3.720s]       |     [01;35m[K~~~~~~~~~~~~~~~~~~~~~~~~~~~~~~~~~~~~~~~~~~^~~[m[K
[3.722s] [01m[K/home/srl/lbr-stack/src/test_package/src/robot_movement_plugin.cpp:[m[K In member function â€˜[01m[Kvirtual void my_plugins::RealRobotSyncPlugin::PreUpdate(const ignition::gazebo::v6::UpdateInfo&, ignition::gazebo::v6::EntityComponentManager&)[m[Kâ€™:
[3.722s] [01m[K/home/srl/lbr-stack/src/test_package/src/robot_movement_plugin.cpp:67:68:[m[K [01;31m[Kerror: [m[Kcannot convert â€˜[01m[Kignition::gazebo::v6::ComponentState[m[Kâ€™ to â€˜[01m[Kconst std::function<bool(const ignition::math::v6::Pose3<double>&, const ignition::math::v6::Pose3<double>&)>&[m[Kâ€™
[3.722s]    67 |       poseComp->SetData(newPose, [01;31m[Kignition::gazebo::ComponentState::OneTimeChange[m[K);
[3.722s]       |                                  [01;31m[K~~~~~~~~~~~~~~~~~~~~~~~~~~~~~~~~~~^~~~~~~~~~~~~[m[K
[3.722s]       |                                                                    [01;31m[K|[m[K
[3.722s]       |                                                                    [01;31m[Kignition::gazebo::v6::ComponentState[m[K
[3.722s] In file included from [01m[K/usr/include/ignition/gazebo6/gz/sim/EntityComponentManager.hh:41[m[K,
[3.722s]                  from [01m[K/usr/include/ignition/gazebo6/gz/sim/System.hh:23[m[K,
[3.722s]                  from [01m[K/usr/include/ignition/gazebo6/ignition/gazebo/System.hh:18[m[K,
[3.722s]                  from [01m[K/home/srl/lbr-stack/src/test_package/src/robot_movement_plugin.cpp:1[m[K:
[3.722s] [01m[K/usr/include/ignition/gazebo6/gz/sim/components/Component.hh:461:70:[m[K [01;36m[Knote: [m[K  initializing argument 2 of â€˜[01m[Kbool ignition::gazebo::v6::components::Component<DataType, Identifier, Serializer>::SetData(const DataType&, const std::function<bool(const DataType&, const DataType&)>&) [with DataType = ignition::math::v6::Pose3<double>; Identifier = ignition::gazebo::v6::components::PoseTag; Serializer = ignition::gazebo::v6::serializers::DefaultSerializer<ignition::math::v6::Pose3<double> >][m[Kâ€™
[3.722s]   461 |       [01;36m[Kconst std::function<bool(const DataType &, const DataType &)> &_eql[m[K)
[3.722s]       |       [01;36m[K~~~~~~~~~~~~~~~~~~~~~~~~~~~~~~~~~~~~~~~~~~~~~~~~~~~~~~~~~~~~~~~^~~~[m[K
[5.582s] gmake[2]: *** [CMakeFiles/robot_movement_plugin.dir/build.make:76: CMakeFiles/robot_movement_plugin.dir/src/robot_movement_plugin.cpp.o] Error 1
[5.582s] gmake[1]: *** [CMakeFiles/Makefile2:165: CMakeFiles/robot_movement_plugin.dir/all] Error 2
[5.583s] gmake: *** [Makefile:146: all] Error 2
[5.585s] Invoked command in '/home/srl/lbr-stack/build/test_package' returned '2': CMAKE_PREFIX_PATH=${CMAKE_PREFIX_PATH}:/home/srl/lbr-stack/install/lbr_demos_py:/home/srl/lbr-stack/install/lbr_moveit:/home/srl/lbr-stack/install/lbr_demos_advanced_py:/opt/ros/humble /usr/bin/cmake --build /home/srl/lbr-stack/build/test_package -- -j20 -l20
