[01m[K/home/srl/lbr-stack/src/test_package/src/robot_movement_plugin.cpp:[m[K In lambda function:
[01m[K/home/srl/lbr-stack/src/test_package/src/robot_movement_plugin.cpp:54:5:[m[K [01;31m[Kerror: [m[Kâ€˜[01m[K_ecm[m[Kâ€™ was not declared in this scope; did you mean â€˜[01m[Kecm[m[Kâ€™?
   54 |     [01;31m[K_ecm[m[K.Each<ignition::gazebo::components::Name,
      |     [01;31m[K^~~~[m[K
      |     [32m[Kecm[m[K
[01m[K/home/srl/lbr-stack/src/test_package/src/robot_movement_plugin.cpp:54:49:[m[K [01;31m[Kerror: [m[Kexpected primary-expression before â€˜[01m[K,[m[Kâ€™ token
   54 |     _ecm.Each<ignition::gazebo::components::Name[01;31m[K,[m[K
      |                                                 [01;31m[K^[m[K
[01m[K/home/srl/lbr-stack/src/test_package/src/robot_movement_plugin.cpp:55:46:[m[K [01;31m[Kerror: [m[Kexpected primary-expression before â€˜[01m[K>[m[Kâ€™ token
   55 |           ignition::gazebo::components::Joint[01;31m[K>[m[K(
      |                                              [01;31m[K^[m[K
[01m[K/home/srl/lbr-stack/src/test_package/src/robot_movement_plugin.cpp:[m[K In lambda function:
[01m[K/home/srl/lbr-stack/src/test_package/src/robot_movement_plugin.cpp:56:39:[m[K [01;35m[Kwarning: [m[Kunused parameter â€˜[01m[Kentity[m[Kâ€™ [[01;35m[K]8;;https://gcc.gnu.org/onlinedocs/gcc/Warning-Options.html#index-Wunused-parameter-Wunused-parameter]8;;[m[K]
   56 |   [&]([01;35m[Kconst ignition::gazebo::Entity &entity[m[K,
      |       [01;35m[K~~~~~~~~~~~~~~~~~~~~~~~~~~~~~~~~^~~~~~[m[K
gmake[2]: *** [CMakeFiles/robot_movement_plugin.dir/build.make:76: CMakeFiles/robot_movement_plugin.dir/src/robot_movement_plugin.cpp.o] Error 1
gmake[1]: *** [CMakeFiles/Makefile2:165: CMakeFiles/robot_movement_plugin.dir/all] Error 2
gmake: *** [Makefile:146: all] Error 2
