[0.203s] Invoking command in '/home/srl/lbr-stack/build/my_package': CMAKE_PREFIX_PATH=${CMAKE_PREFIX_PATH}:/home/srl/lbr-stack/install/lbr_demos_py:/home/srl/lbr-stack/install/lbr_moveit:/home/srl/lbr-stack/install/lbr_demos_advanced_py:/home/srl/ros2_ws/install/simple_gui:/opt/ros/humble /usr/bin/cmake --build /home/srl/lbr-stack/build/my_package -- -j20 -l20
[0.255s] [ 16%] [32mBuilding CXX object CMakeFiles/command_publisher3.dir/src/command_publisher3.cpp.o[0m
[0.257s] [ 50%] Built target command_publisher2
[0.257s] [ 83%] Built target command_listener
[0.446s] [01m[K/home/srl/lbr-stack/src/my_package/src/command_publisher3.cpp:4:10:[m[K [01;31m[Kfatal error: [m[Kcontrol_msgs/msg/joint_jog.hpp: No such file or directory
[0.446s]     4 | #include [01;31m[K<control_msgs/msg/joint_jog.hpp>[m[K
[0.447s]       |          [01;31m[K^~~~~~~~~~~~~~~~~~~~~~~~~~~~~~~~[m[K
[0.447s] compilation terminated.
[0.449s] gmake[2]: *** [CMakeFiles/command_publisher3.dir/build.make:76: CMakeFiles/command_publisher3.dir/src/command_publisher3.cpp.o] Error 1
[0.449s] gmake[1]: *** [CMakeFiles/Makefile2:193: CMakeFiles/command_publisher3.dir/all] Error 2
[0.450s] gmake: *** [Makefile:146: all] Error 2
[0.471s] Invoked command in '/home/srl/lbr-stack/build/my_package' returned '2': CMAKE_PREFIX_PATH=${CMAKE_PREFIX_PATH}:/home/srl/lbr-stack/install/lbr_demos_py:/home/srl/lbr-stack/install/lbr_moveit:/home/srl/lbr-stack/install/lbr_demos_advanced_py:/home/srl/ros2_ws/install/simple_gui:/opt/ros/humble /usr/bin/cmake --build /home/srl/lbr-stack/build/my_package -- -j20 -l20
